2019-02-19 20:02:24 INFO  DefaultHttpProxyServer:459 - Starting proxy at address: 0.0.0.0/0.0.0.0:0
2019-02-19 20:02:24 INFO  DefaultHttpProxyServer:488 - Proxy listening with TCP transport
2019-02-19 20:02:24 INFO  DefaultHttpProxyServer:523 - Proxy started at address: /0:0:0:0:0:0:0:0:51800
2019-02-19 20:02:24 INFO  DefaultHttpProxyServer:398 - Shutting down proxy server gracefully
2019-02-19 20:02:24 INFO  DefaultHttpProxyServer:433 - Closing all channels (graceful)
2019-02-19 20:02:24 INFO  ServerGroup:212 - Shutting down server group event loops (graceful)
2019-02-19 20:02:26 INFO  DefaultHttpProxyServer:414 - Done shutting down proxy server
2019-02-19 20:03:02 INFO  DefaultHttpProxyServer:459 - Starting proxy at address: 0.0.0.0/0.0.0.0:0
2019-02-19 20:03:02 INFO  DefaultHttpProxyServer:488 - Proxy listening with TCP transport
2019-02-19 20:03:02 INFO  DefaultHttpProxyServer:523 - Proxy started at address: /0:0:0:0:0:0:0:0:51814
2019-02-19 20:03:02 INFO  DriverWebTestFactory:16 - BrowserType (DriverWebTestFactory) : chrome
2019-02-19 20:03:03 INFO  DefaultHttpProxyServer:398 - Shutting down proxy server gracefully
2019-02-19 20:03:03 INFO  DefaultHttpProxyServer:433 - Closing all channels (graceful)
2019-02-19 20:03:03 INFO  ServerGroup:212 - Shutting down server group event loops (graceful)
2019-02-19 20:03:06 INFO  DefaultHttpProxyServer:414 - Done shutting down proxy server
2019-02-19 20:04:06 INFO  DefaultHttpProxyServer:459 - Starting proxy at address: 0.0.0.0/0.0.0.0:0
2019-02-19 20:04:06 INFO  DefaultHttpProxyServer:488 - Proxy listening with TCP transport
2019-02-19 20:04:06 INFO  DefaultHttpProxyServer:523 - Proxy started at address: /0:0:0:0:0:0:0:0:51828
2019-02-19 20:04:06 INFO  DriverWebTestFactory:16 - BrowserType (DriverWebTestFactory) : chrome
2019-02-19 20:04:07 INFO  DefaultHttpProxyServer:398 - Shutting down proxy server gracefully
2019-02-19 20:04:07 INFO  DefaultHttpProxyServer:433 - Closing all channels (graceful)
2019-02-19 20:04:07 INFO  ServerGroup:212 - Shutting down server group event loops (graceful)
2019-02-19 20:04:09 INFO  DefaultHttpProxyServer:414 - Done shutting down proxy server
2019-02-19 20:05:52 INFO  DefaultHttpProxyServer:459 - Starting proxy at address: 0.0.0.0/0.0.0.0:0
2019-02-19 20:05:52 INFO  DefaultHttpProxyServer:488 - Proxy listening with TCP transport
2019-02-19 20:05:52 INFO  DefaultHttpProxyServer:523 - Proxy started at address: /0:0:0:0:0:0:0:0:51848
2019-02-19 20:05:52 INFO  DriverWebTestFactory:16 - BrowserType (DriverWebTestFactory) : chrome
2019-02-19 20:06:05 INFO  DefaultHttpProxyServer:398 - Shutting down proxy server gracefully
2019-02-19 20:06:05 INFO  DefaultHttpProxyServer:433 - Closing all channels (graceful)
2019-02-19 20:06:05 INFO  ServerGroup:212 - Shutting down server group event loops (graceful)
2019-02-19 20:06:07 INFO  DefaultHttpProxyServer:414 - Done shutting down proxy server
2019-02-19 20:06:45 INFO  DefaultHttpProxyServer:459 - Starting proxy at address: 0.0.0.0/0.0.0.0:0
2019-02-19 20:06:45 INFO  DefaultHttpProxyServer:488 - Proxy listening with TCP transport
2019-02-19 20:06:45 INFO  DefaultHttpProxyServer:523 - Proxy started at address: /0:0:0:0:0:0:0:0:51860
2019-02-19 20:06:45 INFO  DriverWebTestFactory:16 - BrowserType (DriverWebTestFactory) : chrome
2019-02-19 20:06:45 INFO  ChromeDriverManagerResponsive:43 - =================================================================
2019-02-19 20:06:45 INFO  ChromeDriverManagerResponsive:46 - =================================================================
2019-02-19 20:06:46 INFO  ChromeDriverManagerResponsive:77 - =================================================================
2019-02-19 20:06:46 INFO  ChromeDriverManagerResponsive:78 - This Execute Session ID --> 4c5a539b9f8adbb05a220dda82f5cc24
2019-02-19 20:06:46 INFO  ChromeDriverManagerResponsive:79 - =================================================================
2019-02-19 20:06:46 INFO  BaseWebTest:53 - Scenarios will not take video
2019-02-19 20:07:37 INFO  DefaultHttpProxyServer:398 - Shutting down proxy server gracefully
2019-02-19 20:07:37 INFO  DefaultHttpProxyServer:433 - Closing all channels (graceful)
2019-02-19 20:07:37 INFO  ServerGroup:212 - Shutting down server group event loops (graceful)
2019-02-19 20:07:39 INFO  DefaultHttpProxyServer:414 - Done shutting down proxy server
2019-02-19 20:09:39 INFO  DefaultHttpProxyServer:459 - Starting proxy at address: 0.0.0.0/0.0.0.0:0
2019-02-19 20:09:39 INFO  DefaultHttpProxyServer:488 - Proxy listening with TCP transport
2019-02-19 20:09:39 INFO  DefaultHttpProxyServer:523 - Proxy started at address: /0:0:0:0:0:0:0:0:52061
2019-02-19 20:09:39 INFO  DriverWebTestFactory:16 - BrowserType (DriverWebTestFactory) : chrome
2019-02-19 20:09:39 INFO  ChromeDriverManagerResponsive:43 - =================================================================
2019-02-19 20:09:39 INFO  ChromeDriverManagerResponsive:46 - =================================================================
2019-02-19 20:09:40 INFO  ChromeDriverManagerResponsive:77 - =================================================================
2019-02-19 20:09:40 INFO  ChromeDriverManagerResponsive:78 - This Execute Session ID --> 4ebba33504e37ca1670e5edece275a08
2019-02-19 20:09:40 INFO  ChromeDriverManagerResponsive:79 - =================================================================
2019-02-19 20:09:40 INFO  BaseWebTest:53 - Scenarios will not take video
2019-02-19 20:10:24 INFO  AbstractLayoutDesignTest:63 - Galen Report Path : /Users/enes.aydin/loreal/nyxcosmetics/target/GalenLayoutReports/NyxCostemicMainPageLayout-20190219-201024
2019-02-19 20:10:24 INFO  DefaultHttpProxyServer:398 - Shutting down proxy server gracefully
2019-02-19 20:10:24 INFO  DefaultHttpProxyServer:433 - Closing all channels (graceful)
2019-02-19 20:10:24 INFO  ServerGroup:212 - Shutting down server group event loops (graceful)
2019-02-19 20:10:26 INFO  DefaultHttpProxyServer:414 - Done shutting down proxy server
2019-02-19 20:12:46 INFO  DefaultHttpProxyServer:459 - Starting proxy at address: 0.0.0.0/0.0.0.0:0
2019-02-19 20:12:46 INFO  DefaultHttpProxyServer:488 - Proxy listening with TCP transport
2019-02-19 20:12:46 INFO  DefaultHttpProxyServer:523 - Proxy started at address: /0:0:0:0:0:0:0:0:52257
2019-02-19 20:12:46 INFO  DriverWebTestFactory:16 - BrowserType (DriverWebTestFactory) : chrome
2019-02-19 20:12:51 INFO  ChromeDriverManagerResponsive:43 - =================================================================
2019-02-19 20:12:51 INFO  ChromeDriverManagerResponsive:46 - =================================================================
2019-02-19 20:12:52 INFO  ChromeDriverManagerResponsive:77 - =================================================================
2019-02-19 20:12:52 INFO  ChromeDriverManagerResponsive:78 - This Execute Session ID --> 4215fd4eb92b6c2fed255d2e2446ebb2
2019-02-19 20:12:52 INFO  ChromeDriverManagerResponsive:79 - =================================================================
2019-02-19 20:12:52 INFO  BaseWebTest:53 - Scenarios will not take video
2019-02-19 20:13:32 INFO  AbstractLayoutDesignTest:63 - Galen Report Path : /Users/enes.aydin/loreal/nyxcosmetics/target/GalenLayoutReports/NyxCostemicMainPageLayout-20190219-201331
2019-02-19 20:13:32 INFO  DefaultHttpProxyServer:398 - Shutting down proxy server gracefully
2019-02-19 20:13:32 INFO  DefaultHttpProxyServer:433 - Closing all channels (graceful)
2019-02-19 20:13:32 INFO  ServerGroup:212 - Shutting down server group event loops (graceful)
2019-02-19 20:13:34 INFO  DefaultHttpProxyServer:414 - Done shutting down proxy server
